objc[9628]: Class AXEmojiUtilities is implemented in both /Applications/Xcode.app/Contents/Developer/Platforms/iPhoneSimulator.platform/Developer/SDKs/iPhoneSimulator7.1.sdk/System/Library/PrivateFrameworks/AccessibilityUtilities.framework/AccessibilityUtilities and /Applications/Xcode.app/Contents/Developer/Platforms/iPhoneSimulator.platform/Developer/SDKs/iPhoneSimulator7.1.sdk/usr/lib/libAXSpeechManager.dylib. One of the two will be used. Which one is undefined.
2014-06-25 10:00:36.222 HelloCordova[9628:70b] Cannot find executable for CFBundle 0xa3a7030 </Applications/Xcode.app/Contents/Developer/Platforms/iPhoneSimulator.platform/Developer/SDKs/iPhoneSimulator7.1.sdk/System/Library/AccessibilityBundles/CertUIFramework.axbundle> (not loaded)
2014-06-25 10:00:36.234 HelloCordova[9628:70b] Cannot find executable for CFBundle 0xa5a8fb0 </Applications/Xcode.app/Contents/Developer/Platforms/iPhoneSimulator.platform/Developer/SDKs/iPhoneSimulator7.1.sdk/System/Library/AccessibilityBundles/GeoServices.axbundle> (not loaded)
2014-06-25 10:00:36.277 HelloCordova[9628:70b] Multi-tasking -> Device: YES, App: YES
2014-06-25 10:00:36.308 HelloCordova[9628:70b] Unlimited access to network resources
2014-06-25 10:00:36.461 HelloCordova[9628:70b] [CDVTimer][keyboard] 0.109971ms
2014-06-25 10:00:36.462 HelloCordova[9628:70b] CDVPlugin class CDVStatusBar (pluginName: statusbar) does not exist.
2014-06-25 10:00:36.462 HelloCordova[9628:70b] [CDVTimer][statusbar] 0.505984ms
2014-06-25 10:00:36.463 HelloCordova[9628:70b] [CDVTimer][TotalPluginStartup] 1.756012ms
2014-06-25 10:00:36.687 HelloCordova[9628:70b] Resetting plugins due to page load.
2014-06-25 10:00:37.061 HelloCordova[9628:70b] Finished load of: file:///Users/adammenz/Library/Application%20Support/iPhone%20Simulator/7.1/Applications/D7E20C5A-48B3-4A0E-A4A7-EA4809087A68/HelloCordova.app/www/index.html
objc[9949]: Class AXEmojiUtilities is implemented in both /Applications/Xcode.app/Contents/Developer/Platforms/iPhoneSimulator.platform/Developer/SDKs/iPhoneSimulator7.1.sdk/System/Library/PrivateFrameworks/AccessibilityUtilities.framework/AccessibilityUtilities and /Applications/Xcode.app/Contents/Developer/Platforms/iPhoneSimulator.platform/Developer/SDKs/iPhoneSimulator7.1.sdk/usr/lib/libAXSpeechManager.dylib. One of the two will be used. Which one is undefined.
2014-06-25 11:20:07.886 HelloCordova[9949:70b] Cannot find executable for CFBundle 0xa2439d0 </Applications/Xcode.app/Contents/Developer/Platforms/iPhoneSimulator.platform/Developer/SDKs/iPhoneSimulator7.1.sdk/System/Library/AccessibilityBundles/CertUIFramework.axbundle> (not loaded)
2014-06-25 11:20:07.893 HelloCordova[9949:70b] Cannot find executable for CFBundle 0xa445810 </Applications/Xcode.app/Contents/Developer/Platforms/iPhoneSimulator.platform/Developer/SDKs/iPhoneSimulator7.1.sdk/System/Library/AccessibilityBundles/GeoServices.axbundle> (not loaded)
2014-06-25 11:20:07.930 HelloCordova[9949:70b] Multi-tasking -> Device: YES, App: YES
2014-06-25 11:20:07.937 HelloCordova[9949:70b] Unlimited access to network resources
2014-06-25 11:20:07.960 HelloCordova[9949:70b] [CDVTimer][keyboard] 0.070035ms
2014-06-25 11:20:07.960 HelloCordova[9949:70b] CDVPlugin class CDVStatusBar (pluginName: statusbar) does not exist.
2014-06-25 11:20:07.961 HelloCordova[9949:70b] [CDVTimer][statusbar] 0.492990ms
2014-06-25 11:20:07.961 HelloCordova[9949:70b] [CDVTimer][TotalPluginStartup] 1.621008ms
2014-06-25 11:20:08.069 HelloCordova[9949:70b] Resetting plugins due to page load.
2014-06-25 11:20:08.234 HelloCordova[9949:70b] Finished load of: file:///Users/adammenz/Library/Application%20Support/iPhone%20Simulator/7.1/Applications/D7E20C5A-48B3-4A0E-A4A7-EA4809087A68/HelloCordova.app/www/index.html#/Jobs
objc[10297]: Class AXEmojiUtilities is implemented in both /Applications/Xcode.app/Contents/Developer/Platforms/iPhoneSimulator.platform/Developer/SDKs/iPhoneSimulator7.1.sdk/System/Library/PrivateFrameworks/AccessibilityUtilities.framework/AccessibilityUtilities and /Applications/Xcode.app/Contents/Developer/Platforms/iPhoneSimulator.platform/Developer/SDKs/iPhoneSimulator7.1.sdk/usr/lib/libAXSpeechManager.dylib. One of the two will be used. Which one is undefined.
2014-06-25 11:25:55.828 HelloCordova[10297:70b] Cannot find executable for CFBundle 0xa52c820 </Applications/Xcode.app/Contents/Developer/Platforms/iPhoneSimulator.platform/Developer/SDKs/iPhoneSimulator7.1.sdk/System/Library/AccessibilityBundles/GeoServices.axbundle> (not loaded)
2014-06-25 11:25:55.833 HelloCordova[10297:70b] Cannot find executable for CFBundle 0xa42e3e0 </Applications/Xcode.app/Contents/Developer/Platforms/iPhoneSimulator.platform/Developer/SDKs/iPhoneSimulator7.1.sdk/System/Library/AccessibilityBundles/CertUIFramework.axbundle> (not loaded)
2014-06-25 11:25:55.860 HelloCordova[10297:70b] Multi-tasking -> Device: YES, App: YES
2014-06-25 11:25:55.866 HelloCordova[10297:70b] Unlimited access to network resources
2014-06-25 11:25:55.884 HelloCordova[10297:70b] [CDVTimer][keyboard] 0.102043ms
2014-06-25 11:25:55.885 HelloCordova[10297:70b] [CDVTimer][TotalPluginStartup] 0.891984ms
2014-06-25 11:25:55.932 HelloCordova[10297:70b] Resetting plugins due to page load.
2014-06-25 11:25:56.081 HelloCordova[10297:70b] Finished load of: file:///Users/adammenz/Library/Application%20Support/iPhone%20Simulator/7.1/Applications/D7E20C5A-48B3-4A0E-A4A7-EA4809087A68/HelloCordova.app/www/index.html#/Jobs
objc[10453]: Class AXEmojiUtilities is implemented in both /Applications/Xcode.app/Contents/Developer/Platforms/iPhoneSimulator.platform/Developer/SDKs/iPhoneSimulator7.1.sdk/System/Library/PrivateFrameworks/AccessibilityUtilities.framework/AccessibilityUtilities and /Applications/Xcode.app/Contents/Developer/Platforms/iPhoneSimulator.platform/Developer/SDKs/iPhoneSimulator7.1.sdk/usr/lib/libAXSpeechManager.dylib. One of the two will be used. Which one is undefined.
2014-06-25 11:26:20.666 HelloCordova[10453:70b] Cannot find executable for CFBundle 0xa28c3c0 </Applications/Xcode.app/Contents/Developer/Platforms/iPhoneSimulator.platform/Developer/SDKs/iPhoneSimulator7.1.sdk/System/Library/AccessibilityBundles/GeoServices.axbundle> (not loaded)
2014-06-25 11:26:20.672 HelloCordova[10453:70b] Cannot find executable for CFBundle 0xa3989a0 </Applications/Xcode.app/Contents/Developer/Platforms/iPhoneSimulator.platform/Developer/SDKs/iPhoneSimulator7.1.sdk/System/Library/AccessibilityBundles/CertUIFramework.axbundle> (not loaded)
2014-06-25 11:26:20.701 HelloCordova[10453:70b] Multi-tasking -> Device: YES, App: YES
2014-06-25 11:26:20.708 HelloCordova[10453:70b] Unlimited access to network resources
2014-06-25 11:26:20.732 HelloCordova[10453:70b] [CDVTimer][keyboard] 0.066042ms
2014-06-25 11:26:20.732 HelloCordova[10453:70b] [CDVTimer][TotalPluginStartup] 0.728011ms
2014-06-25 11:26:20.779 HelloCordova[10453:70b] Resetting plugins due to page load.
2014-06-25 11:26:20.921 HelloCordova[10453:70b] Finished load of: file:///Users/adammenz/Library/Application%20Support/iPhone%20Simulator/7.1/Applications/D7E20C5A-48B3-4A0E-A4A7-EA4809087A68/HelloCordova.app/www/index.html#/Jobs
2014-06-25 11:26:28.297 HelloCordova[10453:70b] Received memory warning.
objc[10661]: Class AXEmojiUtilities is implemented in both /Applications/Xcode.app/Contents/Developer/Platforms/iPhoneSimulator.platform/Developer/SDKs/iPhoneSimulator7.1.sdk/System/Library/PrivateFrameworks/AccessibilityUtilities.framework/AccessibilityUtilities and /Applications/Xcode.app/Contents/Developer/Platforms/iPhoneSimulator.platform/Developer/SDKs/iPhoneSimulator7.1.sdk/usr/lib/libAXSpeechManager.dylib. One of the two will be used. Which one is undefined.
2014-06-25 11:26:44.974 HelloCordova[10661:70b] Cannot find executable for CFBundle 0xa555fd0 </Applications/Xcode.app/Contents/Developer/Platforms/iPhoneSimulator.platform/Developer/SDKs/iPhoneSimulator7.1.sdk/System/Library/AccessibilityBundles/CertUIFramework.axbundle> (not loaded)
2014-06-25 11:26:44.980 HelloCordova[10661:70b] Cannot find executable for CFBundle 0xa23d260 </Applications/Xcode.app/Contents/Developer/Platforms/iPhoneSimulator.platform/Developer/SDKs/iPhoneSimulator7.1.sdk/System/Library/AccessibilityBundles/GeoServices.axbundle> (not loaded)
2014-06-25 11:26:45.016 HelloCordova[10661:70b] Multi-tasking -> Device: YES, App: YES
2014-06-25 11:26:45.025 HelloCordova[10661:70b] Unlimited access to network resources
2014-06-25 11:26:45.052 HelloCordova[10661:70b] [CDVTimer][keyboard] 0.102997ms
2014-06-25 11:26:45.052 HelloCordova[10661:70b] [CDVTimer][TotalPluginStartup] 0.508964ms
2014-06-25 11:26:45.263 HelloCordova[10661:70b] Resetting plugins due to page load.
2014-06-25 11:26:45.508 HelloCordova[10661:70b] Finished load of: file:///Users/adammenz/Library/Application%20Support/iPhone%20Simulator/7.1/Applications/D7E20C5A-48B3-4A0E-A4A7-EA4809087A68/HelloCordova.app/www/index.html#/Jobs
Terminating in response to SpringBoard's termination.
objc[12024]: Class AXEmojiUtilities is implemented in both /Applications/Xcode.app/Contents/Developer/Platforms/iPhoneSimulator.platform/Developer/SDKs/iPhoneSimulator7.1.sdk/System/Library/PrivateFrameworks/AccessibilityUtilities.framework/AccessibilityUtilities and /Applications/Xcode.app/Contents/Developer/Platforms/iPhoneSimulator.platform/Developer/SDKs/iPhoneSimulator7.1.sdk/usr/lib/libAXSpeechManager.dylib. One of the two will be used. Which one is undefined.
2014-06-25 15:35:38.498 HelloCordova[12024:70b] Cannot find executable for CFBundle 0xa552730 </Applications/Xcode.app/Contents/Developer/Platforms/iPhoneSimulator.platform/Developer/SDKs/iPhoneSimulator7.1.sdk/System/Library/AccessibilityBundles/CertUIFramework.axbundle> (not loaded)
2014-06-25 15:35:38.515 HelloCordova[12024:70b] Cannot find executable for CFBundle 0xa342880 </Applications/Xcode.app/Contents/Developer/Platforms/iPhoneSimulator.platform/Developer/SDKs/iPhoneSimulator7.1.sdk/System/Library/AccessibilityBundles/GeoServices.axbundle> (not loaded)
2014-06-25 15:35:38.675 HelloCordova[12024:70b] Multi-tasking -> Device: YES, App: YES
2014-06-25 15:35:38.753 HelloCordova[12024:70b] Unlimited access to network resources
2014-06-25 15:35:39.020 HelloCordova[12024:70b] [CDVTimer][keyboard] 0.082016ms
2014-06-25 15:35:39.021 HelloCordova[12024:70b] [CDVTimer][TotalPluginStartup] 0.569046ms
2014-06-25 15:35:39.193 HelloCordova[12024:70b] Resetting plugins due to page load.
2014-06-25 15:35:39.570 HelloCordova[12024:70b] Finished load of: file:///Users/adammenz/Library/Application%20Support/iPhone%20Simulator/7.1/Applications/D7E20C5A-48B3-4A0E-A4A7-EA4809087A68/HelloCordova.app/www/index.html#/Jobs
objc[14853]: Class AXEmojiUtilities is implemented in both /Applications/Xcode.app/Contents/Developer/Platforms/iPhoneSimulator.platform/Developer/SDKs/iPhoneSimulator7.1.sdk/System/Library/PrivateFrameworks/AccessibilityUtilities.framework/AccessibilityUtilities and /Applications/Xcode.app/Contents/Developer/Platforms/iPhoneSimulator.platform/Developer/SDKs/iPhoneSimulator7.1.sdk/usr/lib/libAXSpeechManager.dylib. One of the two will be used. Which one is undefined.
2014-06-26 11:47:34.953 HelloCordova[14853:70b] Cannot find executable for CFBundle 0xa437bc0 </Applications/Xcode.app/Contents/Developer/Platforms/iPhoneSimulator.platform/Developer/SDKs/iPhoneSimulator7.1.sdk/System/Library/AccessibilityBundles/GeoServices.axbundle> (not loaded)
2014-06-26 11:47:34.995 HelloCordova[14853:70b] Cannot find executable for CFBundle 0xa533310 </Applications/Xcode.app/Contents/Developer/Platforms/iPhoneSimulator.platform/Developer/SDKs/iPhoneSimulator7.1.sdk/System/Library/AccessibilityBundles/CertUIFramework.axbundle> (not loaded)
2014-06-26 11:47:35.221 HelloCordova[14853:70b] Multi-tasking -> Device: YES, App: YES
2014-06-26 11:47:35.279 HelloCordova[14853:70b] Unlimited access to network resources
2014-06-26 11:47:35.610 HelloCordova[14853:70b] [CDVTimer][keyboard] 0.071049ms
2014-06-26 11:47:35.611 HelloCordova[14853:70b] [CDVTimer][TotalPluginStartup] 0.626028ms
2014-06-26 11:47:35.790 HelloCordova[14853:70b] Resetting plugins due to page load.
2014-06-26 11:47:36.162 HelloCordova[14853:70b] Finished load of: file:///Users/adammenz/Library/Application%20Support/iPhone%20Simulator/7.1/Applications/D7E20C5A-48B3-4A0E-A4A7-EA4809087A68/HelloCordova.app/www/index.html#/Jobs
2014-06-26 11:48:01.893 HelloCordova[14853:70b] Received memory warning.
objc[15249]: Class AXEmojiUtilities is implemented in both /Applications/Xcode.app/Contents/Developer/Platforms/iPhoneSimulator.platform/Developer/SDKs/iPhoneSimulator7.1.sdk/System/Library/PrivateFrameworks/AccessibilityUtilities.framework/AccessibilityUtilities and /Applications/Xcode.app/Contents/Developer/Platforms/iPhoneSimulator.platform/Developer/SDKs/iPhoneSimulator7.1.sdk/usr/lib/libAXSpeechManager.dylib. One of the two will be used. Which one is undefined.
2014-06-26 12:32:32.878 HelloCordova[15249:70b] Cannot find executable for CFBundle 0xa36c720 </Applications/Xcode.app/Contents/Developer/Platforms/iPhoneSimulator.platform/Developer/SDKs/iPhoneSimulator7.1.sdk/System/Library/AccessibilityBundles/CertUIFramework.axbundle> (not loaded)
2014-06-26 12:32:32.900 HelloCordova[15249:70b] Cannot find executable for CFBundle 0xa58a360 </Applications/Xcode.app/Contents/Developer/Platforms/iPhoneSimulator.platform/Developer/SDKs/iPhoneSimulator7.1.sdk/System/Library/AccessibilityBundles/GeoServices.axbundle> (not loaded)
2014-06-26 12:32:32.986 HelloCordova[15249:70b] Multi-tasking -> Device: YES, App: YES
2014-06-26 12:32:33.000 HelloCordova[15249:70b] Unlimited access to network resources
2014-06-26 12:32:33.025 HelloCordova[15249:70b] [CDVTimer][keyboard] 0.104964ms
2014-06-26 12:32:33.026 HelloCordova[15249:70b] [CDVTimer][TotalPluginStartup] 0.726998ms
2014-06-26 12:32:33.148 HelloCordova[15249:70b] Resetting plugins due to page load.
2014-06-26 12:32:33.529 HelloCordova[15249:70b] Finished load of: file:///Users/adammenz/Library/Application%20Support/iPhone%20Simulator/7.1/Applications/D7E20C5A-48B3-4A0E-A4A7-EA4809087A68/HelloCordova.app/www/index.html#/Jobs
objc[15480]: Class AXEmojiUtilities is implemented in both /Applications/Xcode.app/Contents/Developer/Platforms/iPhoneSimulator.platform/Developer/SDKs/iPhoneSimulator7.1.sdk/System/Library/PrivateFrameworks/AccessibilityUtilities.framework/AccessibilityUtilities and /Applications/Xcode.app/Contents/Developer/Platforms/iPhoneSimulator.platform/Developer/SDKs/iPhoneSimulator7.1.sdk/usr/lib/libAXSpeechManager.dylib. One of the two will be used. Which one is undefined.
2014-06-26 12:43:04.174 HelloCordova[15480:70b] Cannot find executable for CFBundle 0xa57be70 </Applications/Xcode.app/Contents/Developer/Platforms/iPhoneSimulator.platform/Developer/SDKs/iPhoneSimulator7.1.sdk/System/Library/AccessibilityBundles/GeoServices.axbundle> (not loaded)
2014-06-26 12:43:04.197 HelloCordova[15480:70b] Cannot find executable for CFBundle 0xa471810 </Applications/Xcode.app/Contents/Developer/Platforms/iPhoneSimulator.platform/Developer/SDKs/iPhoneSimulator7.1.sdk/System/Library/AccessibilityBundles/CertUIFramework.axbundle> (not loaded)
2014-06-26 12:43:04.439 HelloCordova[15480:70b] Multi-tasking -> Device: YES, App: YES
2014-06-26 12:43:04.462 HelloCordova[15480:70b] Unlimited access to network resources
2014-06-26 12:43:04.524 HelloCordova[15480:70b] [CDVTimer][keyboard] 0.097036ms
2014-06-26 12:43:04.525 HelloCordova[15480:70b] [CDVTimer][TotalPluginStartup] 0.846982ms
2014-06-26 12:43:04.662 HelloCordova[15480:70b] Resetting plugins due to page load.
2014-06-26 12:43:04.990 HelloCordova[15480:70b] Finished load of: file:///Users/adammenz/Library/Application%20Support/iPhone%20Simulator/7.1/Applications/D7E20C5A-48B3-4A0E-A4A7-EA4809087A68/HelloCordova.app/www/index.html#/Jobs
2014-06-26 12:43:06.697 HelloCordova[15480:70b] Received memory warning.
objc[3358]: Class AXEmojiUtilities is implemented in both /Applications/Xcode.app/Contents/Developer/Platforms/iPhoneSimulator.platform/Developer/SDKs/iPhoneSimulator7.1.sdk/System/Library/PrivateFrameworks/AccessibilityUtilities.framework/AccessibilityUtilities and /Applications/Xcode.app/Contents/Developer/Platforms/iPhoneSimulator.platform/Developer/SDKs/iPhoneSimulator7.1.sdk/usr/lib/libAXSpeechManager.dylib. One of the two will be used. Which one is undefined.
2014-07-02 10:46:52.457 HelloCordova[3358:70b] Cannot find executable for CFBundle 0xa249090 </Applications/Xcode.app/Contents/Developer/Platforms/iPhoneSimulator.platform/Developer/SDKs/iPhoneSimulator7.1.sdk/System/Library/AccessibilityBundles/GeoServices.axbundle> (not loaded)
2014-07-02 10:46:52.476 HelloCordova[3358:70b] Cannot find executable for CFBundle 0xa55fcd0 </Applications/Xcode.app/Contents/Developer/Platforms/iPhoneSimulator.platform/Developer/SDKs/iPhoneSimulator7.1.sdk/System/Library/AccessibilityBundles/CertUIFramework.axbundle> (not loaded)
2014-07-02 10:46:52.517 HelloCordova[3358:70b] Multi-tasking -> Device: YES, App: YES
2014-07-02 10:46:52.549 HelloCordova[3358:70b] Unlimited access to network resources
2014-07-02 10:46:52.742 HelloCordova[3358:70b] [CDVTimer][keyboard] 0.109017ms
2014-07-02 10:46:52.743 HelloCordova[3358:70b] [CDVTimer][TotalPluginStartup] 0.689983ms
2014-07-02 10:46:52.971 HelloCordova[3358:70b] Resetting plugins due to page load.
2014-07-02 10:46:53.514 HelloCordova[3358:70b] Finished load of: file:///Users/adammenz/Library/Application%20Support/iPhone%20Simulator/7.1/Applications/D7E20C5A-48B3-4A0E-A4A7-EA4809087A68/HelloCordova.app/www/index.html
Terminating in response to SpringBoard's termination.
objc[4433]: Class AXEmojiUtilities is implemented in both /Applications/Xcode.app/Contents/Developer/Platforms/iPhoneSimulator.platform/Developer/SDKs/iPhoneSimulator7.1.sdk/System/Library/PrivateFrameworks/AccessibilityUtilities.framework/AccessibilityUtilities and /Applications/Xcode.app/Contents/Developer/Platforms/iPhoneSimulator.platform/Developer/SDKs/iPhoneSimulator7.1.sdk/usr/lib/libAXSpeechManager.dylib. One of the two will be used. Which one is undefined.
2014-07-02 13:34:03.405 HelloCordova[4433:70b] Cannot find executable for CFBundle 0xa2adc90 </Applications/Xcode.app/Contents/Developer/Platforms/iPhoneSimulator.platform/Developer/SDKs/iPhoneSimulator7.1.sdk/System/Library/AccessibilityBundles/GeoServices.axbundle> (not loaded)
2014-07-02 13:34:03.417 HelloCordova[4433:70b] Cannot find executable for CFBundle 0xa4e3830 </Applications/Xcode.app/Contents/Developer/Platforms/iPhoneSimulator.platform/Developer/SDKs/iPhoneSimulator7.1.sdk/System/Library/AccessibilityBundles/CertUIFramework.axbundle> (not loaded)
2014-07-02 13:34:03.454 HelloCordova[4433:70b] Multi-tasking -> Device: YES, App: YES
2014-07-02 13:34:03.490 HelloCordova[4433:70b] Unlimited access to network resources
2014-07-02 13:34:03.648 HelloCordova[4433:70b] [CDVTimer][keyboard] 0.073969ms
2014-07-02 13:34:03.649 HelloCordova[4433:70b] [CDVTimer][TotalPluginStartup] 0.572026ms
2014-07-02 13:34:03.812 HelloCordova[4433:70b] Resetting plugins due to page load.
2014-07-02 13:34:04.855 HelloCordova[4433:70b] Finished load of: file:///Users/adammenz/Library/Application%20Support/iPhone%20Simulator/7.1/Applications/D7E20C5A-48B3-4A0E-A4A7-EA4809087A68/HelloCordova.app/www/index.html
2014-07-02 13:34:07.212 HelloCordova[4433:70b] Resetting plugins due to page load.
2014-07-02 13:34:07.214 HelloCordova[4433:70b] Should be adding current page
2014-07-02 13:34:07.214 HelloCordova[4433:70b] GETCUR: null
2014-07-02 13:34:07.214 HelloCordova[4433:70b] []
2014-07-02 13:34:07.215 HelloCordova[4433:70b] ["file:///Users/adammenz/Library/Application%20Support/iPhone%20Simulator/7.1/Applications/D7E20C5A-48B3-4A0E-A4A7-EA4809087A68/HelloCordova.app/www/index.html"]
2014-07-02 13:34:07.360 HelloCordova[4433:70b] Finished load of: file:///Users/adammenz/Library/Application%20Support/iPhone%20Simulator/7.1/Applications/D7E20C5A-48B3-4A0E-A4A7-EA4809087A68/HelloCordova.app/www/job.html?id=1
Terminating in response to SpringBoard's termination.
objc[2237]: Class AXEmojiUtilities is implemented in both /Applications/Xcode.app/Contents/Developer/Platforms/iPhoneSimulator.platform/Developer/SDKs/iPhoneSimulator7.1.sdk/System/Library/PrivateFrameworks/AccessibilityUtilities.framework/AccessibilityUtilities and /Applications/Xcode.app/Contents/Developer/Platforms/iPhoneSimulator.platform/Developer/SDKs/iPhoneSimulator7.1.sdk/usr/lib/libAXSpeechManager.dylib. One of the two will be used. Which one is undefined.
2014-07-07 14:27:26.070 HelloCordova[2237:70b] Cannot find executable for CFBundle 0xa37ac50 </Applications/Xcode.app/Contents/Developer/Platforms/iPhoneSimulator.platform/Developer/SDKs/iPhoneSimulator7.1.sdk/System/Library/AccessibilityBundles/GeoServices.axbundle> (not loaded)
2014-07-07 14:27:26.080 HelloCordova[2237:70b] Cannot find executable for CFBundle 0xa5838c0 </Applications/Xcode.app/Contents/Developer/Platforms/iPhoneSimulator.platform/Developer/SDKs/iPhoneSimulator7.1.sdk/System/Library/AccessibilityBundles/CertUIFramework.axbundle> (not loaded)
2014-07-07 14:27:26.121 HelloCordova[2237:70b] Multi-tasking -> Device: YES, App: YES
2014-07-07 14:27:26.154 HelloCordova[2237:70b] Unlimited access to network resources
2014-07-07 14:27:26.310 HelloCordova[2237:70b] [CDVTimer][keyboard] 0.108004ms
2014-07-07 14:27:26.310 HelloCordova[2237:70b] [CDVTimer][TotalPluginStartup] 0.666022ms
2014-07-07 14:27:26.494 HelloCordova[2237:70b] Resetting plugins due to page load.
2014-07-07 14:27:27.042 HelloCordova[2237:70b] Finished load of: file:///Users/adammenz/Library/Application%20Support/iPhone%20Simulator/7.1/Applications/D7E20C5A-48B3-4A0E-A4A7-EA4809087A68/HelloCordova.app/www/index.html
objc[2535]: Class AXEmojiUtilities is implemented in both /Applications/Xcode.app/Contents/Developer/Platforms/iPhoneSimulator.platform/Developer/SDKs/iPhoneSimulator7.1.sdk/System/Library/PrivateFrameworks/AccessibilityUtilities.framework/AccessibilityUtilities and /Applications/Xcode.app/Contents/Developer/Platforms/iPhoneSimulator.platform/Developer/SDKs/iPhoneSimulator7.1.sdk/usr/lib/libAXSpeechManager.dylib. One of the two will be used. Which one is undefined.
2014-07-07 14:31:00.821 HelloCordova[2535:70b] Cannot find executable for CFBundle 0xa32df20 </Applications/Xcode.app/Contents/Developer/Platforms/iPhoneSimulator.platform/Developer/SDKs/iPhoneSimulator7.1.sdk/System/Library/AccessibilityBundles/CertUIFramework.axbundle> (not loaded)
2014-07-07 14:31:00.826 HelloCordova[2535:70b] Cannot find executable for CFBundle 0xa3397d0 </Applications/Xcode.app/Contents/Developer/Platforms/iPhoneSimulator.platform/Developer/SDKs/iPhoneSimulator7.1.sdk/System/Library/AccessibilityBundles/GeoServices.axbundle> (not loaded)
2014-07-07 14:31:00.854 HelloCordova[2535:70b] Multi-tasking -> Device: YES, App: YES
2014-07-07 14:31:00.859 HelloCordova[2535:70b] Unlimited access to network resources
2014-07-07 14:31:00.878 HelloCordova[2535:70b] [CDVTimer][keyboard] 0.072002ms
2014-07-07 14:31:00.878 HelloCordova[2535:70b] [CDVTimer][TotalPluginStartup] 0.569999ms
2014-07-07 14:31:00.924 HelloCordova[2535:70b] Resetting plugins due to page load.
2014-07-07 14:31:01.495 HelloCordova[2535:70b] Finished load of: file:///Users/adammenz/Library/Application%20Support/iPhone%20Simulator/7.1/Applications/D7E20C5A-48B3-4A0E-A4A7-EA4809087A68/HelloCordova.app/www/index.html
2014-07-07 14:31:15.715 HelloCordova[2535:70b] Received memory warning.
objc[2817]: Class AXEmojiUtilities is implemented in both /Applications/Xcode.app/Contents/Developer/Platforms/iPhoneSimulator.platform/Developer/SDKs/iPhoneSimulator7.1.sdk/System/Library/PrivateFrameworks/AccessibilityUtilities.framework/AccessibilityUtilities and /Applications/Xcode.app/Contents/Developer/Platforms/iPhoneSimulator.platform/Developer/SDKs/iPhoneSimulator7.1.sdk/usr/lib/libAXSpeechManager.dylib. One of the two will be used. Which one is undefined.
2014-07-07 14:31:50.652 HelloCordova[2817:70b] Cannot find executable for CFBundle 0xa5667b0 </Applications/Xcode.app/Contents/Developer/Platforms/iPhoneSimulator.platform/Developer/SDKs/iPhoneSimulator7.1.sdk/System/Library/AccessibilityBundles/GeoServices.axbundle> (not loaded)
2014-07-07 14:31:50.686 HelloCordova[2817:70b] Cannot find executable for CFBundle 0xa37f720 </Applications/Xcode.app/Contents/Developer/Platforms/iPhoneSimulator.platform/Developer/SDKs/iPhoneSimulator7.1.sdk/System/Library/AccessibilityBundles/CertUIFramework.axbundle> (not loaded)
2014-07-07 14:31:50.726 HelloCordova[2817:70b] Multi-tasking -> Device: YES, App: YES
2014-07-07 14:31:50.735 HelloCordova[2817:70b] Unlimited access to network resources
2014-07-07 14:31:50.764 HelloCordova[2817:70b] [CDVTimer][keyboard] 0.115037ms
2014-07-07 14:31:50.765 HelloCordova[2817:70b] [CDVTimer][TotalPluginStartup] 0.734985ms
2014-07-07 14:31:50.885 HelloCordova[2817:70b] Resetting plugins due to page load.
2014-07-07 14:31:51.764 HelloCordova[2817:70b] Finished load of: file:///Users/adammenz/Library/Application%20Support/iPhone%20Simulator/7.1/Applications/D7E20C5A-48B3-4A0E-A4A7-EA4809087A68/HelloCordova.app/www/index.html
2014-07-07 14:31:56.720 HelloCordova[2817:70b] Resetting plugins due to page load.
2014-07-07 14:31:56.721 HelloCordova[2817:70b] Should be adding current page
2014-07-07 14:31:56.721 HelloCordova[2817:70b] ["file:///Users/adammenz/Library/Application%20Support/iPhone%20Simulator/7.1/Applications/D7E20C5A-48B3-4A0E-A4A7-EA4809087A68/HelloCordova.app/www/index.html"]
2014-07-07 14:31:56.721 HelloCordova[2817:70b] ["file:///Users/adammenz/Library/Application%20Support/iPhone%20Simulator/7.1/Applications/D7E20C5A-48B3-4A0E-A4A7-EA4809087A68/HelloCordova.app/www/index.html","file:///Users/adammenz/Library/Application%20Support/iPhone%20Simulator/7.1/Applications/D7E20C5A-48B3-4A0E-A4A7-EA4809087A68/HelloCordova.app/www/index.html"]
2014-07-07 14:31:56.859 HelloCordova[2817:70b] Finished load of: file:///Users/adammenz/Library/Application%20Support/iPhone%20Simulator/7.1/Applications/D7E20C5A-48B3-4A0E-A4A7-EA4809087A68/HelloCordova.app/www/job.html?id=1
2014-07-07 14:31:58.401 HelloCordova[2817:70b] file:///Users/adammenz/Library/Application%20Support/iPhone%20Simulator/7.1/Applications/D7E20C5A-48B3-4A0E-A4A7-EA4809087A68/HelloCordova.app/www/index.html
2014-07-07 14:31:58.401 HelloCordova[2817:70b] Resetting plugins due to page load.
2014-07-07 14:31:58.550 HelloCordova[2817:70b] Finished load of: file:///Users/adammenz/Library/Application%20Support/iPhone%20Simulator/7.1/Applications/D7E20C5A-48B3-4A0E-A4A7-EA4809087A68/HelloCordova.app/www/index.html
objc[3049]: Class AXEmojiUtilities is implemented in both /Applications/Xcode.app/Contents/Developer/Platforms/iPhoneSimulator.platform/Developer/SDKs/iPhoneSimulator7.1.sdk/System/Library/PrivateFrameworks/AccessibilityUtilities.framework/AccessibilityUtilities and /Applications/Xcode.app/Contents/Developer/Platforms/iPhoneSimulator.platform/Developer/SDKs/iPhoneSimulator7.1.sdk/usr/lib/libAXSpeechManager.dylib. One of the two will be used. Which one is undefined.
2014-07-07 14:33:04.921 HelloCordova[3049:70b] Cannot find executable for CFBundle 0xa5976c0 </Applications/Xcode.app/Contents/Developer/Platforms/iPhoneSimulator.platform/Developer/SDKs/iPhoneSimulator7.1.sdk/System/Library/AccessibilityBundles/GeoServices.axbundle> (not loaded)
2014-07-07 14:33:04.928 HelloCordova[3049:70b] Cannot find executable for CFBundle 0xa4a87e0 </Applications/Xcode.app/Contents/Developer/Platforms/iPhoneSimulator.platform/Developer/SDKs/iPhoneSimulator7.1.sdk/System/Library/AccessibilityBundles/CertUIFramework.axbundle> (not loaded)
2014-07-07 14:33:04.955 HelloCordova[3049:70b] Multi-tasking -> Device: YES, App: YES
2014-07-07 14:33:04.961 HelloCordova[3049:70b] Unlimited access to network resources
2014-07-07 14:33:04.980 HelloCordova[3049:70b] [CDVTimer][keyboard] 0.084996ms
2014-07-07 14:33:04.981 HelloCordova[3049:70b] [CDVTimer][TotalPluginStartup] 0.606000ms
2014-07-07 14:33:05.027 HelloCordova[3049:70b] Resetting plugins due to page load.
2014-07-07 14:33:05.508 HelloCordova[3049:70b] Finished load of: file:///Users/adammenz/Library/Application%20Support/iPhone%20Simulator/7.1/Applications/D7E20C5A-48B3-4A0E-A4A7-EA4809087A68/HelloCordova.app/www/index.html
objc[3265]: Class AXEmojiUtilities is implemented in both /Applications/Xcode.app/Contents/Developer/Platforms/iPhoneSimulator.platform/Developer/SDKs/iPhoneSimulator7.1.sdk/System/Library/PrivateFrameworks/AccessibilityUtilities.framework/AccessibilityUtilities and /Applications/Xcode.app/Contents/Developer/Platforms/iPhoneSimulator.platform/Developer/SDKs/iPhoneSimulator7.1.sdk/usr/lib/libAXSpeechManager.dylib. One of the two will be used. Which one is undefined.
2014-07-07 14:33:56.146 HelloCordova[3265:70b] Cannot find executable for CFBundle 0xa56dc40 </Applications/Xcode.app/Contents/Developer/Platforms/iPhoneSimulator.platform/Developer/SDKs/iPhoneSimulator7.1.sdk/System/Library/AccessibilityBundles/CertUIFramework.axbundle> (not loaded)
2014-07-07 14:33:56.151 HelloCordova[3265:70b] Cannot find executable for CFBundle 0xa464b40 </Applications/Xcode.app/Contents/Developer/Platforms/iPhoneSimulator.platform/Developer/SDKs/iPhoneSimulator7.1.sdk/System/Library/AccessibilityBundles/GeoServices.axbundle> (not loaded)
2014-07-07 14:33:56.175 HelloCordova[3265:70b] Multi-tasking -> Device: YES, App: YES
2014-07-07 14:33:56.181 HelloCordova[3265:70b] Unlimited access to network resources
2014-07-07 14:33:56.201 HelloCordova[3265:70b] [CDVTimer][keyboard] 0.069976ms
2014-07-07 14:33:56.201 HelloCordova[3265:70b] [CDVTimer][TotalPluginStartup] 0.607014ms
2014-07-07 14:33:56.246 HelloCordova[3265:70b] Resetting plugins due to page load.
2014-07-07 14:33:57.066 HelloCordova[3265:70b] Finished load of: file:///Users/adammenz/Library/Application%20Support/iPhone%20Simulator/7.1/Applications/D7E20C5A-48B3-4A0E-A4A7-EA4809087A68/HelloCordova.app/www/index.html
